Will run /Users/terzeron/workspace/fma/.env
##########################
Python virtual environment
##########################
2016년 10월 25일 화요일 18시 00분 02초 KST
deleting old or zero-size image files...
79556592      640 -rw-r--r--    1 terzeron         staff              325887 10  5 15:08 /Users/terzeron/public_html/xml/img/cheeseinthetrap/05f116876ed8965296586c23d06a8096.jpg
79556601      672 -rw-r--r--    1 terzeron         staff              342793 10  5 15:08 /Users/terzeron/public_html/xml/img/cheeseinthetrap/12b381324c77f16417a7102f5080cc64.jpg
79556594      632 -rw-r--r--    1 terzeron         staff              319854 10  5 15:08 /Users/terzeron/public_html/xml/img/cheeseinthetrap/27ec5dacc6a564b0ae8e68fc30760b50.jpg
79556581      632 -rw-r--r--    1 terzeron         staff              319816 10  5 15:08 /Users/terzeron/public_html/xml/img/cheeseinthetrap/33d505c973f3b5545ca5b60a34d39ace.jpg
79556596      768 -rw-r--r--    1 terzeron         staff              391082 10  5 15:08 /Users/terzeron/public_html/xml/img/cheeseinthetrap/3741011804023bff5d394ed403186a01.jpg
79556599      600 -rw-r--r--    1 terzeron         staff              306483 10  5 15:08 /Users/terzeron/public_html/xml/img/cheeseinthetrap/3a420c7406ea471e444508bab01f0dbf.jpg
79556579      656 -rw-r--r--    1 terzeron         staff              334999 10  5 15:08 /Users/terzeron/public_html/xml/img/cheeseinthetrap/42d3de1e2df9f96625d97c9717a7f817.jpg
79556583      448 -rw-r--r--    1 terzeron         staff              228073 10  5 15:08 /Users/terzeron/public_html/xml/img/cheeseinthetrap/4b73fe19fd395739978f624e44119152.jpg
79556595      824 -rw-r--r--    1 terzeron         staff              418288 10  5 15:08 /Users/terzeron/public_html/xml/img/cheeseinthetrap/587e36fd8b6fc5b2ee056ff370f9dc42.jpg
79556602      712 -rw-r--r--    1 terzeron         staff              364331 10  5 15:08 /Users/terzeron/public_html/xml/img/cheeseinthetrap/59430dfebd84ff9d1d03ef88c1d451d9.jpg
79556582      760 -rw-r--r--    1 terzeron         staff              386166 10  5 15:08 /Users/terzeron/public_html/xml/img/cheeseinthetrap/654303943adf856e232eb2c5e4b29b4a.jpg
79556591      560 -rw-r--r--    1 terzeron         staff              286456 10  5 15:08 /Users/terzeron/public_html/xml/img/cheeseinthetrap/7fafee3f02936b51dd91cd5f3da0133c.jpg
79556585      720 -rw-r--r--    1 terzeron         staff              365847 10  5 15:08 /Users/terzeron/public_html/xml/img/cheeseinthetrap/9f47785c0fc631d89d943892ecff65a2.jpg
79556580      496 -rw-r--r--    1 terzeron         staff              250563 10  5 15:08 /Users/terzeron/public_html/xml/img/cheeseinthetrap/b2600974443caf9df76848e795f71c0f.jpg
79556598      720 -rw-r--r--    1 terzeron         staff              367630 10  5 15:08 /Users/terzeron/public_html/xml/img/cheeseinthetrap/bae6800e65598819e77a8d1b63ea2626.jpg
79556603      312 -rw-r--r--    1 terzeron         staff              159722 10  5 15:08 /Users/terzeron/public_html/xml/img/cheeseinthetrap/c42421d030a8029958c4aa2ac9082cb1.jpg
79556584      624 -rw-r--r--    1 terzeron         staff              319399 10  5 15:08 /Users/terzeron/public_html/xml/img/cheeseinthetrap/ed8aa8afb74c3e55314fd9744648cc1c.jpg
79556586      176 -rw-r--r--    1 terzeron         staff               87542 10  5 15:08 /Users/terzeron/public_html/xml/img/cheeseinthetrap/f518d3bc14cdb76ef4169bbc0e41a72c.jpg
79556600       72 -rw-r--r--    1 terzeron         staff               33168 10  5 15:08 /Users/terzeron/public_html/xml/img/cheeseinthetrap/f67ff7a360e7847104620ebd417cd1fc.jpg
79556792        8 -rw-r--r--    1 terzeron         staff                2759 10  5 15:10 /Users/terzeron/public_html/xml/img/strongestlegend/026df9dca3c1c30e2b459dbd52728197.jpg
79556820      664 -rw-r--r--    1 terzeron         staff              338605 10  5 15:10 /Users/terzeron/public_html/xml/img/strongestlegend/045811ea72fd8e5c83373e43dbd87690.jpg
79556794      416 -rw-r--r--    1 terzeron         staff              209058 10  5 15:10 /Users/terzeron/public_html/xml/img/strongestlegend/07c52902032d8dbdb0cd1c90a76fdc39.jpg
79556822      744 -rw-r--r--    1 terzeron         staff              377252 10  5 15:10 /Users/terzeron/public_html/xml/img/strongestlegend/07cf489179969478a8bcc93c4f6472a2.jpg
79556817      744 -rw-r--r--    1 terzeron         staff              378872 10  5 15:10 /Users/terzeron/public_html/xml/img/strongestlegend/0aa16d3523ecf4a56e9257aa0ab2d162.jpg
79556816      552 -rw-r--r--    1 terzeron         staff              281283 10  5 15:10 /Users/terzeron/public_html/xml/img/strongestlegend/124c73b36c6546949faa676e992dfdcf.jpg
79556826      624 -rw-r--r--    1 terzeron         staff              319146 10  5 15:10 /Users/terzeron/public_html/xml/img/strongestlegend/127dfc9ab988fed8e4a45e9e6f153370.jpg
79556802      744 -rw-r--r--    1 terzeron         staff              377191 10  5 15:10 /Users/terzeron/public_html/xml/img/strongestlegend/1322183b16abd9147ad259d35d41ab3b.jpg
79556804        8 -rw-r--r--    1 terzeron         staff                1541 10  5 15:10 /Users/terzeron/public_html/xml/img/strongestlegend/1a54505d232f43bd52d60fc900c2a970.jpg
79556798        8 -rw-r--r--    1 terzeron         staff                1541 10  5 15:10 /Users/terzeron/public_html/xml/img/strongestlegend/1c88cbdcea10721a89f56b4dbdf81bb0.jpg
79556803      544 -rw-r--r--    1 terzeron         staff              278479 10  5 15:10 /Users/terzeron/public_html/xml/img/strongestlegend/2a2b9a420e774691f50aa0d907ac8b65.jpg
79556807      208 -rw-r--r--    1 terzeron         staff              105450 10  5 15:10 /Users/terzeron/public_html/xml/img/strongestlegend/309766e4c6429fb877fd76fce907d928.jpg
79556801      240 -rw-r--r--    1 terzeron         staff              119985 10  5 15:10 /Users/terzeron/public_html/xml/img/strongestlegend/362aeb07124f5fc4568a9b2e95062eec.jpg
79556797      712 -rw-r--r--    1 terzeron         staff              364012 10  5 15:10 /Users/terzeron/public_html/xml/img/strongestlegend/3c467d809eb3c8ac4e5f380196ecb625.jpg
79556799      624 -rw-r--r--    1 terzeron         staff              318950 10  5 15:10 /Users/terzeron/public_html/xml/img/strongestlegend/441a7fa082fd271ff6848483158d5e13.jpg
79556791      576 -rw-r--r--    1 terzeron         staff              294468 10  5 15:10 /Users/terzeron/public_html/xml/img/strongestlegend/4b0d3e59cf3aec27246613cfe4177bc5.jpg
79556805      880 -rw-r--r--    1 terzeron         staff              447270 10  5 15:10 /Users/terzeron/public_html/xml/img/strongestlegend/5db72203598169c356a59bcc80eab0eb.jpg
79556813      704 -rw-r--r--    1 terzeron         staff              358871 10  5 15:10 /Users/terzeron/public_html/xml/img/strongestlegend/5e7eea52ca4104b77726f08adf6d38f3.jpg
79556812      728 -rw-r--r--    1 terzeron         staff              370314 10  5 15:10 /Users/terzeron/public_html/xml/img/strongestlegend/62eab7eefd6ace3ad0468339b01baf23.jpg
79556827      176 -rw-r--r--    1 terzeron         staff               89852 10  5 15:10 /Users/terzeron/public_html/xml/img/strongestlegend/635230d36591665a3c0b625a0a66ef74.jpg
79556824      392 -rw-r--r--    1 terzeron         staff              199049 10  5 15:10 /Users/terzeron/public_html/xml/img/strongestlegend/82e227be03ea299bd3aef70694a66c25.jpg
79556819      600 -rw-r--r--    1 terzeron         staff              305089 10  5 15:10 /Users/terzeron/public_html/xml/img/strongestlegend/84c9efde0714c31a1a40a3fa625955b8.jpg
79556815      648 -rw-r--r--    1 terzeron         staff              327735 10  5 15:10 /Users/terzeron/public_html/xml/img/strongestlegend/882ea030cd8efd1c141dd56bc8f1b2b2.jpg
79556795        8 -rw-r--r--    1 terzeron         staff                1388 10  5 15:10 /Users/terzeron/public_html/xml/img/strongestlegend/960d8fcb8e68d46b3960f6a2675ab4f0.jpg
79556806      528 -rw-r--r--    1 terzeron         staff              269452 10  5 15:10 /Users/terzeron/public_html/xml/img/strongestlegend/aed443f7b627b7de19bff4d84f44c583.jpg
79556796      744 -rw-r--r--    1 terzeron         staff              379212 10  5 15:10 /Users/terzeron/public_html/xml/img/strongestlegend/af3531fe2ba51f41e7154c1a6565d490.jpg
79556793      904 -rw-r--r--    1 terzeron         staff              460524 10  5 15:10 /Users/terzeron/public_html/xml/img/strongestlegend/b82d20ef5245cfd09323481c828c613f.jpg
79556814        8 -rw-r--r--    1 terzeron         staff                1693 10  5 15:10 /Users/terzeron/public_html/xml/img/strongestlegend/ca7153ef70369d40393f24e9ba8d6607.jpg
79556818      392 -rw-r--r--    1 terzeron         staff              197632 10  5 15:10 /Users/terzeron/public_html/xml/img/strongestlegend/d34851853ab7650abcf8213f02e8e19f.jpg
79556821      240 -rw-r--r--    1 terzeron         staff              122066 10  5 15:10 /Users/terzeron/public_html/xml/img/strongestlegend/dfdf1c402f0c468912b8706f5a06b97b.jpg
79556790      744 -rw-r--r--    1 terzeron         staff              377679 10  5 15:10 /Users/terzeron/public_html/xml/img/strongestlegend/ea3b84a4e3e267f36c620ed28640e675.jpg
79556825        8 -rw-r--r--    1 terzeron         staff                1693 10  5 15:10 /Users/terzeron/public_html/xml/img/strongestlegend/ee94d2063b712c84b2b3b9ab89339689.jpg
79556800      528 -rw-r--r--    1 terzeron         staff              268002 10  5 15:10 /Users/terzeron/public_html/xml/img/strongestlegend/fa9a8661d2a973047c820d078f5d4472.jpg
./daum/afternoonheroes   ./onestore/extasis   ./naver/hotgirlinprimitiveage   ./naver/gimlet   ./naver/sidekick2   ./egloos/dylanzhai   ./javabeat/javabeat   ./naver/drfrost3   ./naver/todaymusic   ./daum/ten   ./sportschosun/sportschosunwebtoon   ./naver/hive   ./daum/actionidols   ./naver/navercast.204   ./naver/gausselectronics   ./onestore/onestorewebtoon   ./naver/sinodic   ./naver/strongestlegend   ./naver/3p   ./naver/goodmorningboss   ./daum/whatisyourwish   ./naver/head   ./naver/navercast.255   ./naver/athenacomplex   ./nate/natewebtoon   ./naver/magazines   ./daum/esquisse   ./myktoon/lalapalooza   ./naver/dislikesuchahero   ./naver/navercast.18   ./kakao/noteddoctoringangnam   ./naver/navercast.205   ./onestore/doyourworkhighrankingofficial   ./naver/teampheonix   ./myktoon/livehigh   ./myktoon/christmaswithjam   ./naver/transparentcohabitation   ./daum/diaryofolddog   ./naver/nanolist   ./moneytoday/moneytodaywebtoon   ./naver/historyofnerd   ./kakao/mymomisanalien3   ./khan/hammer   ./naver/navercast.118   ./naver/sleetboy   ./naver/guardiansofvideogame   ./daum/warrior   ./naver/blacksuit   ./myktoon/myktoon   ./kakao/kakaowebtoon   ./naver/eunjoosroom2   ./myktoon/myconstellationdoctor   ./naver/scrollseller   ./naver/mz   ./daum/rulemakers   ./daum/nogirlinthecollegeofengineering   ./naver/somethingbetweentwomen   ./naver/navercast.65   ./naver/handofminus   ./daum/allmyenergy   ./stoo/stoowebtoon   ./myktoon/villainandhero   ./daum/murdercaseofmansion   ./naver/navercast.28   ./naver/navercast.41   ./myktoon/demonincompulsoryeducation   ./naver/resurrectingman   ./myktoon/100cc   ./naver/shindorim   ./daum/asurabalbalta   ./naver/masterhand   ./stoo/lastone   ./myktoon/pleaseraiseme   ./daum/trinitywonder   ./naver/supersecret   ./myktoon/collectionofshortstoriesbychoeun   ./myktoon/orisorienta   ./naver/storyofhighschool   ./naver/monghol   ./naver/navercast.2881   ./naver/windbreaker   ./naver/naverblog.santacroce   ./naver/likemagicatthismoment   ./naver/universitydiary   ./myktoon/thetable   ./kakao/kingofdevilsword   ./naver/navercast.79   ./daum/shootlikevictoria   ./daum/femaleemployeeingamecompany   ./naver/maruhan   ./naver/navercast.1   ./naver/moonyou   ./naver/toomanyengineeringstudent   ./naver/gagclubwithoutlaugh2   ./daum/timeofgods   ./myktoon/kingsblood   ./naver/villagelawyer   ./naver/shortstories   ./kakao/misaeng   ./kakao/armoredghoul   ./naver/freethrow   ./naver/dragonlives   ./cine21/jeonghooni   ./naver/naverwebtoon   ./myktoon/submergedcity   ./myktoon/blackwaterblackmountain   ./naver/swordfight   ./naver/naverblog.ggacn   ./sportskhan/sportskhanwebtoon   ./moneytoday/bowingpuppy   ./github/TeamSEGO   ./naver/navercast.142   ./naver/miraclebravewarrior   ./daum/lifeofcrownprince   ./daum/callmedragon   ./naver/navercast.2   ./naver/towerofgod   ./naver/navercast.48   ./minitoon/blackcontractor   ./naver/fantasyworld   ./cine21/cine21.review   ./naver/navercast.132   ./sportsdonga/sportsdongawebtoon   ./naver/interferenceoflife   ./naver/navercast.89   ./kakao/masterofdivineanimal   ./myktoon/readingagentin9thlevel   ./naver/soundofheart   ./naver/genieoflove   ./daum/memorist   ./naver/navercast.179   ./myktoon/boywhodontcry   ./naver/naverblog.imkcs0425   ./naver/navercast.58   ./myktoon/doginvader   ./kakao/captainofhighschool   